<?xml version="1.0" encoding="UTF-8"?>
<testsuite name="com.advantage.accountsoap.AccountserviceApplicationTests" time="0" tests="1" errors="0" skipped="1" failures="0">
  <properties>
[...]
</properties>
  <testcase name="contextLoads" classname="com.advantage.accountsoap.AccountserviceApplicationTests" time="0">
    <skipped/>
    <system-out><![CDATA[20:53:05.340 [main] DEBUG o.s.t.c.j.SpringJUnit4ClassRunner - SpringJUnit4ClassRunner constructor called with [class com.advantage.accountsoap.AccountserviceApplicationTests]
20:53:05.340 [main] DEBUG o.s.test.context.BootstrapUtils - Instantiating CacheAwareContextLoaderDelegate from class [org.springframework.test.context.cache.DefaultCacheAwareContextLoaderDelegate]
20:53:05.340 [main] DEBUG o.s.test.context.BootstrapUtils - Instantiating BootstrapContext using constructor [public org.springframework.test.context.support.DefaultBootstrapContext(java.lang.Class,org.springframework.test.context.CacheAwareContextLoaderDelegate)]
20:53:05.341 [main] DEBUG o.s.test.context.BootstrapUtils - Instantiating TestContextBootstrapper for test class [com.advantage.accountsoap.AccountserviceApplicationTests] from class [org.springframework.test.context.support.DefaultTestContextBootstrapper]
20:53:05.352 [main] DEBUG o.s.t.c.s.DefaultTestContextBootstrapper - Found explicit ContextLoader class [org.springframework.boot.test.SpringApplicationContextLoader] for context configuration attributes [ContextConfigurationAttributes@2fd66ad3 declaringClass = 'com.advantage.accountsoap.AccountserviceApplicationTests', classes = '{class com.advantage.accountsoap.AccountserviceApplication}', locations = '{}', inheritLocations = true, initializers = '{}', inheritInitializers = true, name = [null], contextLoaderClass = 'org.springframework.boot.test.SpringApplicationContextLoader']
20:53:05.353 [main] DEBUG o.s.t.c.s.AbstractContextLoader - Did not detect default resource location for test class [com.advantage.accountsoap.AccountserviceApplicationTests]: class path resource [com/advantage/accountsoap/AccountserviceApplicationTests-context.xml] does not exist
20:53:05.354 [main] DEBUG o.s.t.c.s.AbstractContextLoader - Did not detect default resource location for test class [com.advantage.accountsoap.AccountserviceApplicationTests]: class path resource [com/advantage/accountsoap/AccountserviceApplicationTestsContext.groovy] does not exist
20:53:05.354 [main] INFO  o.s.t.c.s.AbstractContextLoader - Could not detect default resource locations for test class [com.advantage.accountsoap.AccountserviceApplicationTests]: no resource found for suffixes {-context.xml, Context.groovy}.
20:53:05.355 [main] DEBUG o.s.t.c.support.ActiveProfilesUtils - Could not find an 'annotation declaring class' for annotation type [org.springframework.test.context.ActiveProfiles] and class [com.advantage.accountsoap.AccountserviceApplicationTests]
20:53:05.355 [main] DEBUG o.s.t.c.s.DefaultTestContextBootstrapper - @TestExecutionListeners is not present for class [com.advantage.accountsoap.AccountserviceApplicationTests]: using defaults.
20:53:05.413 [main] INFO  o.s.t.c.s.DefaultTestContextBootstrapper - Loaded default TestExecutionListener class names from location [META-INF/spring.factories]: [org.springframework.test.context.web.ServletTestExecutionListener, org.springframework.test.context.support.DirtiesContextBeforeModesTestExecutionListener, org.springframework.test.context.support.DependencyInjectionTestExecutionListener, org.springframework.test.context.support.DirtiesContextTestExecutionListener, org.springframework.test.context.transaction.TransactionalTestExecutionListener, org.springframework.test.context.jdbc.SqlScriptsTestExecutionListener]
20:53:05.416 [main] INFO  o.s.t.c.s.DefaultTestContextBootstrapper - Using TestExecutionListeners: [org.springframework.test.context.web.ServletTestExecutionListener@24b1d79b, org.springframework.test.context.support.DirtiesContextBeforeModesTestExecutionListener@68ceda24, org.springframework.test.context.support.DependencyInjectionTestExecutionListener@281e3708, org.springframework.test.context.support.DirtiesContextTestExecutionListener@35a50a4c, org.springframework.test.context.transaction.TransactionalTestExecutionListener@1f021e6c, org.springframework.test.context.jdbc.SqlScriptsTestExecutionListener@103f852]
20:53:05.417 [main] DEBUG o.s.t.annotation.ProfileValueUtils - Retrieved @ProfileValueSourceConfiguration [null] for test class [com.advantage.accountsoap.AccountserviceApplicationTests]
20:53:05.417 [main] DEBUG o.s.t.annotation.ProfileValueUtils - Retrieved ProfileValueSource type [class org.springframework.test.annotation.SystemProfileValueSource] for class [com.advantage.accountsoap.AccountserviceApplicationTests]
20:53:05.417 [main] DEBUG o.s.t.annotation.ProfileValueUtils - Retrieved @ProfileValueSourceConfiguration [null] for test class [com.advantage.accountsoap.AccountserviceApplicationTests]
20:53:05.417 [main] DEBUG o.s.t.annotation.ProfileValueUtils - Retrieved ProfileValueSource type [class org.springframework.test.annotation.SystemProfileValueSource] for class [com.advantage.accountsoap.AccountserviceApplicationTests]
]]></system-out>
  </testcase>
</testsuite>