<?xml version="1.0" encoding="UTF-8"?>
<testsuite name="UserService.UserServiceApplicationTests" time="0" tests="1" errors="0" skipped="1" failures="0">
  <properties>
[...]
</properties>
  <testcase name="contextLoads" classname="UserService.UserServiceApplicationTests" time="0">
    <skipped/>
    <system-out><![CDATA[20:53:05.140 [main] DEBUG o.s.t.c.j.SpringJUnit4ClassRunner - SpringJUnit4ClassRunner constructor called with [class UserService.UserServiceApplicationTests]
20:53:05.148 [main] DEBUG o.s.test.context.BootstrapUtils - Instantiating CacheAwareContextLoaderDelegate from class [org.springframework.test.context.cache.DefaultCacheAwareContextLoaderDelegate]
20:53:05.167 [main] DEBUG o.s.test.context.BootstrapUtils - Instantiating BootstrapContext using constructor [public org.springframework.test.context.support.DefaultBootstrapContext(java.lang.Class,org.springframework.test.context.CacheAwareContextLoaderDelegate)]
20:53:05.185 [main] DEBUG o.s.test.context.BootstrapUtils - Instantiating TestContextBootstrapper for test class [UserService.UserServiceApplicationTests] from class [org.springframework.test.context.support.DefaultTestContextBootstrapper]
20:53:05.230 [main] DEBUG o.s.t.c.s.DefaultTestContextBootstrapper - Found explicit ContextLoader class [org.springframework.boot.test.SpringApplicationContextLoader] for context configuration attributes [ContextConfigurationAttributes@51cdd8a declaringClass = 'UserService.UserServiceApplicationTests', classes = '{class com.advantage.accountsoap.AccountserviceApplication}', locations = '{}', inheritLocations = true, initializers = '{}', inheritInitializers = true, name = [null], contextLoaderClass = 'org.springframework.boot.test.SpringApplicationContextLoader']
20:53:05.240 [main] DEBUG o.s.t.c.s.AbstractContextLoader - Did not detect default resource location for test class [UserService.UserServiceApplicationTests]: class path resource [UserService/UserServiceApplicationTests-context.xml] does not exist
20:53:05.242 [main] DEBUG o.s.t.c.s.AbstractContextLoader - Did not detect default resource location for test class [UserService.UserServiceApplicationTests]: class path resource [UserService/UserServiceApplicationTestsContext.groovy] does not exist
20:53:05.242 [main] INFO  o.s.t.c.s.AbstractContextLoader - Could not detect default resource locations for test class [UserService.UserServiceApplicationTests]: no resource found for suffixes {-context.xml, Context.groovy}.
20:53:05.246 [main] DEBUG o.s.t.c.support.ActiveProfilesUtils - Could not find an 'annotation declaring class' for annotation type [org.springframework.test.context.ActiveProfiles] and class [UserService.UserServiceApplicationTests]
20:53:05.251 [main] DEBUG o.s.t.c.s.DefaultTestContextBootstrapper - @TestExecutionListeners is not present for class [UserService.UserServiceApplicationTests]: using defaults.
20:53:05.259 [main] INFO  o.s.t.c.s.DefaultTestContextBootstrapper - Loaded default TestExecutionListener class names from location [META-INF/spring.factories]: [org.springframework.test.context.web.ServletTestExecutionListener, org.springframework.test.context.support.DirtiesContextBeforeModesTestExecutionListener, org.springframework.test.context.support.DependencyInjectionTestExecutionListener, org.springframework.test.context.support.DirtiesContextTestExecutionListener, org.springframework.test.context.transaction.TransactionalTestExecutionListener, org.springframework.test.context.jdbc.SqlScriptsTestExecutionListener]
20:53:05.284 [main] INFO  o.s.t.c.s.DefaultTestContextBootstrapper - Using TestExecutionListeners: [org.springframework.test.context.web.ServletTestExecutionListener@32eebfca, org.springframework.test.context.support.DirtiesContextBeforeModesTestExecutionListener@4e718207, org.springframework.test.context.support.DependencyInjectionTestExecutionListener@1d371b2d, org.springframework.test.context.support.DirtiesContextTestExecutionListener@543c6f6d, org.springframework.test.context.transaction.TransactionalTestExecutionListener@13eb8acf, org.springframework.test.context.jdbc.SqlScriptsTestExecutionListener@51c8530f]
20:53:05.285 [main] DEBUG o.s.t.c.j.SpringJUnit4ClassRunner - SpringJUnit4ClassRunner constructor called with [class com.advantage.accountsoap.AccountserviceApplicationTests]
20:53:05.285 [main] DEBUG o.s.test.context.BootstrapUtils - Instantiating CacheAwareContextLoaderDelegate from class [org.springframework.test.context.cache.DefaultCacheAwareContextLoaderDelegate]
20:53:05.285 [main] DEBUG o.s.test.context.BootstrapUtils - Instantiating BootstrapContext using constructor [public org.springframework.test.context.support.DefaultBootstrapContext(java.lang.Class,org.springframework.test.context.CacheAwareContextLoaderDelegate)]
20:53:05.286 [main] DEBUG o.s.test.context.BootstrapUtils - Instantiating TestContextBootstrapper for test class [com.advantage.accountsoap.AccountserviceApplicationTests] from class [org.springframework.test.context.support.DefaultTestContextBootstrapper]
20:53:05.288 [main] DEBUG o.s.t.c.s.DefaultTestContextBootstrapper - Found explicit ContextLoader class [org.springframework.boot.test.SpringApplicationContextLoader] for context configuration attributes [ContextConfigurationAttributes@7403c468 declaringClass = 'com.advantage.accountsoap.AccountserviceApplicationTests', classes = '{class com.advantage.accountsoap.AccountserviceApplication}', locations = '{}', inheritLocations = true, initializers = '{}', inheritInitializers = true, name = [null], contextLoaderClass = 'org.springframework.boot.test.SpringApplicationContextLoader']
20:53:05.289 [main] DEBUG o.s.t.c.s.AbstractContextLoader - Did not detect default resource location for test class [com.advantage.accountsoap.AccountserviceApplicationTests]: class path resource [com/advantage/accountsoap/AccountserviceApplicationTests-context.xml] does not exist
20:53:05.289 [main] DEBUG o.s.t.c.s.AbstractContextLoader - Did not detect default resource location for test class [com.advantage.accountsoap.AccountserviceApplicationTests]: class path resource [com/advantage/accountsoap/AccountserviceApplicationTestsContext.groovy] does not exist
20:53:05.290 [main] INFO  o.s.t.c.s.AbstractContextLoader - Could not detect default resource locations for test class [com.advantage.accountsoap.AccountserviceApplicationTests]: no resource found for suffixes {-context.xml, Context.groovy}.
20:53:05.290 [main] DEBUG o.s.t.c.support.ActiveProfilesUtils - Could not find an 'annotation declaring class' for annotation type [org.springframework.test.context.ActiveProfiles] and class [com.advantage.accountsoap.AccountserviceApplicationTests]
20:53:05.290 [main] DEBUG o.s.t.c.s.DefaultTestContextBootstrapper - @TestExecutionListeners is not present for class [com.advantage.accountsoap.AccountserviceApplicationTests]: using defaults.
20:53:05.309 [main] INFO  o.s.t.c.s.DefaultTestContextBootstrapper - Loaded default TestExecutionListener class names from location [META-INF/spring.factories]: [org.springframework.test.context.web.ServletTestExecutionListener, org.springframework.test.context.support.DirtiesContextBeforeModesTestExecutionListener, org.springframework.test.context.support.DependencyInjectionTestExecutionListener, org.springframework.test.context.support.DirtiesContextTestExecutionListener, org.springframework.test.context.transaction.TransactionalTestExecutionListener, org.springframework.test.context.jdbc.SqlScriptsTestExecutionListener]
20:53:05.310 [main] INFO  o.s.t.c.s.DefaultTestContextBootstrapper - Using TestExecutionListeners: [org.springframework.test.context.web.ServletTestExecutionListener@a74868d, org.springframework.test.context.support.DirtiesContextBeforeModesTestExecutionListener@12c8a2c0, org.springframework.test.context.support.DependencyInjectionTestExecutionListener@7e0e6aa2, org.springframework.test.context.support.DirtiesContextTestExecutionListener@365185bd, org.springframework.test.context.transaction.TransactionalTestExecutionListener@18bf3d14, org.springframework.test.context.jdbc.SqlScriptsTestExecutionListener@4fb64261]
20:53:05.314 [main] DEBUG o.s.t.annotation.ProfileValueUtils - Retrieved @ProfileValueSourceConfiguration [null] for test class [UserService.UserServiceApplicationTests]
20:53:05.315 [main] DEBUG o.s.t.annotation.ProfileValueUtils - Retrieved ProfileValueSource type [class org.springframework.test.annotation.SystemProfileValueSource] for class [UserService.UserServiceApplicationTests]
20:53:05.316 [main] DEBUG o.s.t.annotation.ProfileValueUtils - Retrieved @ProfileValueSourceConfiguration [null] for test class [com.advantage.accountsoap.AccountserviceApplicationTests]
20:53:05.316 [main] DEBUG o.s.t.annotation.ProfileValueUtils - Retrieved ProfileValueSource type [class org.springframework.test.annotation.SystemProfileValueSource] for class [com.advantage.accountsoap.AccountserviceApplicationTests]
20:53:05.319 [main] DEBUG o.s.t.c.j.SpringJUnit4ClassRunner - SpringJUnit4ClassRunner constructor called with [class UserService.UserServiceApplicationTests]
20:53:05.319 [main] DEBUG o.s.test.context.BootstrapUtils - Instantiating CacheAwareContextLoaderDelegate from class [org.springframework.test.context.cache.DefaultCacheAwareContextLoaderDelegate]
20:53:05.320 [main] DEBUG o.s.test.context.BootstrapUtils - Instantiating BootstrapContext using constructor [public org.springframework.test.context.support.DefaultBootstrapContext(java.lang.Class,org.springframework.test.context.CacheAwareContextLoaderDelegate)]
20:53:05.321 [main] DEBUG o.s.test.context.BootstrapUtils - Instantiating TestContextBootstrapper for test class [UserService.UserServiceApplicationTests] from class [org.springframework.test.context.support.DefaultTestContextBootstrapper]
20:53:05.324 [main] DEBUG o.s.t.c.s.DefaultTestContextBootstrapper - Found explicit ContextLoader class [org.springframework.boot.test.SpringApplicationContextLoader] for context configuration attributes [ContextConfigurationAttributes@6eceb130 declaringClass = 'UserService.UserServiceApplicationTests', classes = '{class com.advantage.accountsoap.AccountserviceApplication}', locations = '{}', inheritLocations = true, initializers = '{}', inheritInitializers = true, name = [null], contextLoaderClass = 'org.springframework.boot.test.SpringApplicationContextLoader']
20:53:05.327 [main] DEBUG o.s.t.c.s.AbstractContextLoader - Did not detect default resource location for test class [UserService.UserServiceApplicationTests]: class path resource [UserService/UserServiceApplicationTests-context.xml] does not exist
20:53:05.328 [main] DEBUG o.s.t.c.s.AbstractContextLoader - Did not detect default resource location for test class [UserService.UserServiceApplicationTests]: class path resource [UserService/UserServiceApplicationTestsContext.groovy] does not exist
20:53:05.329 [main] INFO  o.s.t.c.s.AbstractContextLoader - Could not detect default resource locations for test class [UserService.UserServiceApplicationTests]: no resource found for suffixes {-context.xml, Context.groovy}.
20:53:05.329 [main] DEBUG o.s.t.c.support.ActiveProfilesUtils - Could not find an 'annotation declaring class' for annotation type [org.springframework.test.context.ActiveProfiles] and class [UserService.UserServiceApplicationTests]
20:53:05.330 [main] DEBUG o.s.t.c.s.DefaultTestContextBootstrapper - @TestExecutionListeners is not present for class [UserService.UserServiceApplicationTests]: using defaults.
20:53:05.333 [main] INFO  o.s.t.c.s.DefaultTestContextBootstrapper - Loaded default TestExecutionListener class names from location [META-INF/spring.factories]: [org.springframework.test.context.web.ServletTestExecutionListener, org.springframework.test.context.support.DirtiesContextBeforeModesTestExecutionListener, org.springframework.test.context.support.DependencyInjectionTestExecutionListener, org.springframework.test.context.support.DirtiesContextTestExecutionListener, org.springframework.test.context.transaction.TransactionalTestExecutionListener, org.springframework.test.context.jdbc.SqlScriptsTestExecutionListener]
20:53:05.334 [main] INFO  o.s.t.c.s.DefaultTestContextBootstrapper - Using TestExecutionListeners: [org.springframework.test.context.web.ServletTestExecutionListener@545997b1, org.springframework.test.context.support.DirtiesContextBeforeModesTestExecutionListener@4cf4d528, org.springframework.test.context.support.DependencyInjectionTestExecutionListener@77846d2c, org.springframework.test.context.support.DirtiesContextTestExecutionListener@548ad73b, org.springframework.test.context.transaction.TransactionalTestExecutionListener@4c762604, org.springframework.test.context.jdbc.SqlScriptsTestExecutionListener@2641e737]
20:53:05.334 [main] DEBUG o.s.t.annotation.ProfileValueUtils - Retrieved @ProfileValueSourceConfiguration [null] for test class [UserService.UserServiceApplicationTests]
20:53:05.334 [main] DEBUG o.s.t.annotation.ProfileValueUtils - Retrieved ProfileValueSource type [class org.springframework.test.annotation.SystemProfileValueSource] for class [UserService.UserServiceApplicationTests]
20:53:05.336 [main] DEBUG o.s.t.annotation.ProfileValueUtils - Retrieved @ProfileValueSourceConfiguration [null] for test class [UserService.UserServiceApplicationTests]
20:53:05.336 [main] DEBUG o.s.t.annotation.ProfileValueUtils - Retrieved ProfileValueSource type [class org.springframework.test.annotation.SystemProfileValueSource] for class [UserService.UserServiceApplicationTests]
]]></system-out>
  </testcase>
</testsuite>